<?xml version="1.0" encoding="UTF-8"?>
<testsuite name="com.board.Controller.Board.BoardControllerTest" tests="1" skipped="0" failures="0" errors="0" timestamp="2020-06-03T05:39:03" hostname="MacBook-Pro.local" time="1.105">
  <properties/>
  <testcase name="board_수정" classname="com.board.Controller.Board.BoardControllerTest" time="1.105"/>
  <system-out><![CDATA[14:38:43.262 [Test worker] DEBUG org.springframework.test.context.junit4.SpringJUnit4ClassRunner - SpringJUnit4ClassRunner constructor called with [class com.board.Controller.Board.BoardControllerTest]
14:38:43.270 [Test worker] DEBUG org.springframework.test.context.BootstrapUtils - Instantiating CacheAwareContextLoaderDelegate from class [org.springframework.test.context.cache.DefaultCacheAwareContextLoaderDelegate]
14:38:43.281 [Test worker] DEBUG org.springframework.test.context.BootstrapUtils - Instantiating BootstrapContext using constructor [public org.springframework.test.context.support.DefaultBootstrapContext(java.lang.Class,org.springframework.test.context.CacheAwareContextLoaderDelegate)]
14:38:43.330 [Test worker] DEBUG org.springframework.test.context.BootstrapUtils - Instantiating TestContextBootstrapper for test class [com.board.Controller.Board.BoardControllerTest] from class [org.springframework.boot.test.context.SpringBootTestContextBootstrapper]
14:38:43.343 [Test worker] INFO org.springframework.boot.test.context.SpringBootTestContextBootstrapper - Neither @ContextConfiguration nor @ContextHierarchy found for test class [com.board.Controller.Board.BoardControllerTest], using SpringBootContextLoader
14:38:43.346 [Test worker] DEBUG org.springframework.test.context.support.AbstractContextLoader - Did not detect default resource location for test class [com.board.Controller.Board.BoardControllerTest]: class path resource [com/board/Controller/Board/BoardControllerTest-context.xml] does not exist
14:38:43.347 [Test worker] DEBUG org.springframework.test.context.support.AbstractContextLoader - Did not detect default resource location for test class [com.board.Controller.Board.BoardControllerTest]: class path resource [com/board/Controller/Board/BoardControllerTestContext.groovy] does not exist
14:38:43.347 [Test worker] INFO org.springframework.test.context.support.AbstractContextLoader - Could not detect default resource locations for test class [com.board.Controller.Board.BoardControllerTest]: no resource found for suffixes {-context.xml, Context.groovy}.
14:38:43.348 [Test worker] INFO org.springframework.test.context.support.AnnotationConfigContextLoaderUtils - Could not detect default configuration classes for test class [com.board.Controller.Board.BoardControllerTest]: BoardControllerTest does not declare any static, non-private, non-final, nested classes annotated with @Configuration.
14:38:43.397 [Test worker] DEBUG org.springframework.test.context.support.ActiveProfilesUtils - Could not find an 'annotation declaring class' for annotation type [org.springframework.test.context.ActiveProfiles] and class [com.board.Controller.Board.BoardControllerTest]
14:38:43.485 [Test worker] DEBUG org.springframework.context.annotation.ClassPathScanningCandidateComponentProvider - Identified candidate component class: file [/Users/kimyuwan/project/board/build/classes/java/main/com/board/BoardApplication.class]
14:38:43.487 [Test worker] INFO org.springframework.boot.test.context.SpringBootTestContextBootstrapper - Found @SpringBootConfiguration com.board.BoardApplication for test class com.board.Controller.Board.BoardControllerTest
14:38:43.572 [Test worker] DEBUG org.springframework.boot.test.context.SpringBootTestContextBootstrapper - @TestExecutionListeners is not present for class [com.board.Controller.Board.BoardControllerTest]: using defaults.
14:38:43.573 [Test worker] INFO org.springframework.boot.test.context.SpringBootTestContextBootstrapper - Loaded default TestExecutionListener class names from location [META-INF/spring.factories]: [org.springframework.boot.test.autoconfigure.restdocs.RestDocsTestExecutionListener, org.springframework.boot.test.autoconfigure.web.client.MockRestServiceServerResetTestExecutionListener, org.springframework.boot.test.autoconfigure.web.servlet.MockMvcPrintOnlyOnFailureTestExecutionListener, org.springframework.boot.test.autoconfigure.web.servlet.WebDriverTestExecutionListener, org.springframework.boot.test.autoconfigure.webservices.client.MockWebServiceServerTestExecutionListener, org.springframework.boot.test.mock.mockito.MockitoTestExecutionListener, org.springframework.boot.test.mock.mockito.ResetMocksTestExecutionListener, org.springframework.test.context.web.ServletTestExecutionListener, org.springframework.test.context.support.DirtiesContextBeforeModesTestExecutionListener, org.springframework.test.context.support.DependencyInjectionTestExecutionListener, org.springframework.test.context.support.DirtiesContextTestExecutionListener, org.springframework.test.context.transaction.TransactionalTestExecutionListener, org.springframework.test.context.jdbc.SqlScriptsTestExecutionListener, org.springframework.test.context.event.EventPublishingTestExecutionListener]
14:38:43.591 [Test worker] INFO org.springframework.boot.test.context.SpringBootTestContextBootstrapper - Using TestExecutionListeners: [org.springframework.test.context.web.ServletTestExecutionListener@703f27ba, org.springframework.test.context.support.DirtiesContextBeforeModesTestExecutionListener@438de8a6, org.springframework.boot.test.mock.mockito.MockitoTestExecutionListener@72b98485, org.springframework.boot.test.autoconfigure.SpringBootDependencyInjectionTestExecutionListener@3db20a6d, org.springframework.test.context.support.DirtiesContextTestExecutionListener@34b9f896, org.springframework.test.context.transaction.TransactionalTestExecutionListener@18ddee7f, org.springframework.test.context.jdbc.SqlScriptsTestExecutionListener@267ecc4d, org.springframework.test.context.event.EventPublishingTestExecutionListener@b325b8d, org.springframework.boot.test.autoconfigure.restdocs.RestDocsTestExecutionListener@70b46f35, org.springframework.boot.test.autoconfigure.web.client.MockRestServiceServerResetTestExecutionListener@76dc94a, org.springframework.boot.test.autoconfigure.web.servlet.MockMvcPrintOnlyOnFailureTestExecutionListener@5721614e, org.springframework.boot.test.autoconfigure.web.servlet.WebDriverTestExecutionListener@4e56a614, org.springframework.boot.test.autoconfigure.webservices.client.MockWebServiceServerTestExecutionListener@1dc8a52c, org.springframework.boot.test.mock.mockito.ResetMocksTestExecutionListener@74061846]
14:38:43.593 [Test worker] DEBUG org.springframework.test.annotation.ProfileValueUtils - Retrieved @ProfileValueSourceConfiguration [null] for test class [com.board.Controller.Board.BoardControllerTest]
14:38:43.594 [Test worker] DEBUG org.springframework.test.annotation.ProfileValueUtils - Retrieved ProfileValueSource type [class org.springframework.test.annotation.SystemProfileValueSource] for class [com.board.Controller.Board.BoardControllerTest]
14:38:43.595 [Test worker] DEBUG org.springframework.test.annotation.ProfileValueUtils - Retrieved @ProfileValueSourceConfiguration [null] for test class [com.board.Controller.Board.BoardControllerTest]
14:38:43.596 [Test worker] DEBUG org.springframework.test.annotation.ProfileValueUtils - Retrieved ProfileValueSource type [class org.springframework.test.annotation.SystemProfileValueSource] for class [com.board.Controller.Board.BoardControllerTest]
14:38:43.598 [Test worker] DEBUG org.springframework.test.annotation.ProfileValueUtils - Retrieved @ProfileValueSourceConfiguration [null] for test class [com.board.Controller.Board.BoardControllerTest]
14:38:43.598 [Test worker] DEBUG org.springframework.test.annotation.ProfileValueUtils - Retrieved ProfileValueSource type [class org.springframework.test.annotation.SystemProfileValueSource] for class [com.board.Controller.Board.BoardControllerTest]
14:38:43.601 [Test worker] DEBUG org.springframework.test.annotation.ProfileValueUtils - Retrieved @ProfileValueSourceConfiguration [null] for test class [com.board.Controller.Board.BoardControllerTest]
14:38:43.601 [Test worker] DEBUG org.springframework.test.annotation.ProfileValueUtils - Retrieved ProfileValueSource type [class org.springframework.test.annotation.SystemProfileValueSource] for class [com.board.Controller.Board.BoardControllerTest]
14:38:43.602 [Test worker] DEBUG org.springframework.test.annotation.ProfileValueUtils - Retrieved @ProfileValueSourceConfiguration [null] for test class [com.board.Controller.Board.BoardControllerTest]
14:38:43.602 [Test worker] DEBUG org.springframework.test.annotation.ProfileValueUtils - Retrieved ProfileValueSource type [class org.springframework.test.annotation.SystemProfileValueSource] for class [com.board.Controller.Board.BoardControllerTest]
14:38:43.607 [Test worker] DEBUG org.springframework.test.context.support.AbstractDirtiesContextTestExecutionListener - Before test class: context [DefaultTestContext@4466120 testClass = BoardControllerTest, testInstance = [null], testMethod = [null], testException = [null], mergedContextConfiguration = [WebMergedContextConfiguration@2446abbf testClass = BoardControllerTest, locations = '{}', classes = '{class com.board.BoardApplication}', contextInitializerClasses = '[]', activeProfiles = '{}', propertySourceLocations = '{}', propertySourceProperties = '{org.springframework.boot.test.context.SpringBootTestContextBootstrapper=true, server.port=0}', contextCustomizers = set[org.springframework.boot.test.autoconfigure.properties.PropertyMappingContextCustomizer@0, org.springframework.boot.test.autoconfigure.web.servlet.WebDriverContextCustomizerFactory$Customizer@7ffb554d, org.springframework.boot.test.context.filter.ExcludeFilterContextCustomizer@27004edd, org.springframework.boot.test.json.DuplicateJsonObjectContextCustomizerFactory$DuplicateJsonObjectContextCustomizer@6d7f59bd, org.springframework.boot.test.mock.mockito.MockitoContextCustomizer@0, org.springframework.boot.test.web.client.TestRestTemplateContextCustomizer@76606365, org.springframework.boot.test.context.SpringBootTestArgs@1], resourceBasePath = 'src/main/webapp', contextLoader = 'org.springframework.boot.test.context.SpringBootContextLoader', parent = [null]], attributes = map['org.springframework.test.context.web.ServletTestExecutionListener.activateListener' -> false]], class annotated with @DirtiesContext [false] with mode [null].
14:38:43.608 [Test worker] DEBUG org.springframework.test.annotation.ProfileValueUtils - Retrieved @ProfileValueSourceConfiguration [null] for test class [com.board.Controller.Board.BoardControllerTest]
14:38:43.608 [Test worker] DEBUG org.springframework.test.annotation.ProfileValueUtils - Retrieved ProfileValueSource type [class org.springframework.test.annotation.SystemProfileValueSource] for class [com.board.Controller.Board.BoardControllerTest]
14:38:43.611 [Test worker] DEBUG org.springframework.test.context.support.DependencyInjectionTestExecutionListener - Performing dependency injection for test context [[DefaultTestContext@4466120 testClass = BoardControllerTest, testInstance = com.board.Controller.Board.BoardControllerTest@1157d485, testMethod = [null], testException = [null], mergedContextConfiguration = [WebMergedContextConfiguration@2446abbf testClass = BoardControllerTest, locations = '{}', classes = '{class com.board.BoardApplication}', contextInitializerClasses = '[]', activeProfiles = '{}', propertySourceLocations = '{}', propertySourceProperties = '{org.springframework.boot.test.context.SpringBootTestContextBootstrapper=true, server.port=0}', contextCustomizers = set[org.springframework.boot.test.autoconfigure.properties.PropertyMappingContextCustomizer@0, org.springframework.boot.test.autoconfigure.web.servlet.WebDriverContextCustomizerFactory$Customizer@7ffb554d, org.springframework.boot.test.context.filter.ExcludeFilterContextCustomizer@27004edd, org.springframework.boot.test.json.DuplicateJsonObjectContextCustomizerFactory$DuplicateJsonObjectContextCustomizer@6d7f59bd, org.springframework.boot.test.mock.mockito.MockitoContextCustomizer@0, org.springframework.boot.test.web.client.TestRestTemplateContextCustomizer@76606365, org.springframework.boot.test.context.SpringBootTestArgs@1], resourceBasePath = 'src/main/webapp', contextLoader = 'org.springframework.boot.test.context.SpringBootContextLoader', parent = [null]], attributes = map['org.springframework.test.context.web.ServletTestExecutionListener.activateListener' -> false]]].
14:38:43.630 [Test worker] DEBUG org.springframework.test.context.support.TestPropertySourceUtils - Adding inlined properties to environment: {spring.jmx.enabled=false, org.springframework.boot.test.context.SpringBootTestContextBootstrapper=true, server.port=0}

  .   ____          _            __ _ _
 /\\ / ___'_ __ _ _(_)_ __  __ _ \ \ \ \
( ( )\___ | '_ | '_| | '_ \/ _` | \ \ \ \
 \\/  ___)| |_)| | | | | || (_| |  ) ) ) )
  '  |____| .__|_| |_|_| |_\__, | / / / /
 =========|_|==============|___/=/_/_/_/
 :: Spring Boot ::        (v2.3.0.RELEASE)

2020-06-03 14:38:54.035  WARN 4719 --- [    Test worker] o.s.boot.StartupInfoLogger               : InetAddress.getLocalHost().getHostName() took 5004 milliseconds to respond. Please verify your network configuration (macOS machines may need to add entries to /etc/hosts).
2020-06-03 14:38:59.043  INFO 4719 --- [    Test worker] c.b.C.Board.BoardControllerTest          : Starting BoardControllerTest on MacBook-Pro.local with PID 4719 (started by kimyuwan in /Users/kimyuwan/project/board)
2020-06-03 14:38:59.045  INFO 4719 --- [    Test worker] c.b.C.Board.BoardControllerTest          : No active profile set, falling back to default profiles: default
2020-06-03 14:38:59.760  INFO 4719 --- [    Test worker] .s.d.r.c.RepositoryConfigurationDelegate : Bootstrapping Spring Data JPA repositories in DEFERRED mode.
2020-06-03 14:38:59.830  INFO 4719 --- [    Test worker] .s.d.r.c.RepositoryConfigurationDelegate : Finished Spring Data repository scanning in 61ms. Found 1 JPA repository interfaces.
2020-06-03 14:39:00.536  INFO 4719 --- [    Test worker] o.s.b.w.embedded.tomcat.TomcatWebServer  : Tomcat initialized with port(s): 0 (http)
2020-06-03 14:39:00.546  INFO 4719 --- [    Test worker] o.apache.catalina.core.StandardService   : Starting service [Tomcat]
2020-06-03 14:39:00.546  INFO 4719 --- [    Test worker] org.apache.catalina.core.StandardEngine  : Starting Servlet engine: [Apache Tomcat/9.0.35]
2020-06-03 14:39:00.642  INFO 4719 --- [    Test worker] o.a.c.c.C.[Tomcat].[localhost].[/]       : Initializing Spring embedded WebApplicationContext
2020-06-03 14:39:00.642  INFO 4719 --- [    Test worker] o.s.web.context.ContextLoader            : Root WebApplicationContext: initialization completed in 1569 ms
2020-06-03 14:39:01.018  INFO 4719 --- [    Test worker] o.s.s.concurrent.ThreadPoolTaskExecutor  : Initializing ExecutorService 'applicationTaskExecutor'
2020-06-03 14:39:01.087  INFO 4719 --- [         task-1] o.hibernate.jpa.internal.util.LogHelper  : HHH000204: Processing PersistenceUnitInfo [name: default]
2020-06-03 14:39:01.148  INFO 4719 --- [         task-1] org.hibernate.Version                    : HHH000412: Hibernate ORM core version 5.4.15.Final
2020-06-03 14:39:01.304  INFO 4719 --- [         task-1] o.hibernate.annotations.common.Version   : HCANN000001: Hibernate Commons Annotations {5.1.0.Final}
2020-06-03 14:39:01.424  INFO 4719 --- [         task-1] com.zaxxer.hikari.HikariDataSource       : HikariPool-1 - Starting...
2020-06-03 14:39:01.895  INFO 4719 --- [         task-1] com.zaxxer.hikari.HikariDataSource       : HikariPool-1 - Start completed.
2020-06-03 14:39:01.914  INFO 4719 --- [         task-1] org.hibernate.dialect.Dialect            : HHH000400: Using dialect: org.hibernate.dialect.MySQL5InnoDBDialect
2020-06-03 14:39:02.696  INFO 4719 --- [         task-1] o.h.e.t.j.p.i.JtaPlatformInitiator       : HHH000490: Using JtaPlatform implementation: [org.hibernate.engine.transaction.jta.platform.internal.NoJtaPlatform]
2020-06-03 14:39:02.704  INFO 4719 --- [         task-1] j.LocalContainerEntityManagerFactoryBean : Initialized JPA EntityManagerFactory for persistence unit 'default'
2020-06-03 14:39:02.787  WARN 4719 --- [    Test worker] JpaBaseConfiguration$JpaWebConfiguration : spring.jpa.open-in-view is enabled by default. Therefore, database queries may be performed during view rendering. Explicitly configure spring.jpa.open-in-view to disable this warning
2020-06-03 14:39:03.283  INFO 4719 --- [    Test worker] o.s.b.a.w.s.WelcomePageHandlerMapping    : Adding welcome page template: index
2020-06-03 14:39:03.727  INFO 4719 --- [    Test worker] o.s.b.w.embedded.tomcat.TomcatWebServer  : Tomcat started on port(s): 56264 (http) with context path ''
2020-06-03 14:39:03.728  INFO 4719 --- [    Test worker] DeferredRepositoryInitializationListener : Triggering deferred initialization of Spring Data repositories…
2020-06-03 14:39:03.804  INFO 4719 --- [    Test worker] DeferredRepositoryInitializationListener : Spring Data repositories initialized!
2020-06-03 14:39:03.817  INFO 4719 --- [    Test worker] c.b.C.Board.BoardControllerTest          : Started BoardControllerTest in 20.182 seconds (JVM running for 21.246)
Hibernate: insert into board (created_at, updated_at, content, title) values (?, ?, ?, ?)
<com.board.DTO.Board.BoardUpdateReqDto@7da2d50,[]>
2020-06-03 14:39:04.214  INFO 4719 --- [o-auto-1-exec-1] o.a.c.c.C.[Tomcat].[localhost].[/]       : Initializing Spring DispatcherServlet 'dispatcherServlet'
2020-06-03 14:39:04.214  INFO 4719 --- [o-auto-1-exec-1] o.s.web.servlet.DispatcherServlet        : Initializing Servlet 'dispatcherServlet'
2020-06-03 14:39:04.239  INFO 4719 --- [o-auto-1-exec-1] o.s.web.servlet.DispatcherServlet        : Completed initialization in 24 ms
Hibernate: select board0_.id as id1_0_0_, board0_.created_at as created_2_0_0_, board0_.updated_at as updated_3_0_0_, board0_.content as content4_0_0_, board0_.title as title5_0_0_ from board board0_ where board0_.id=?
Board{id=10, title='updateT', content='updateC'}
Hibernate: update board set created_at=?, updated_at=?, content=?, title=? where id=?
Hibernate: select board0_.id as id1_0_, board0_.created_at as created_2_0_, board0_.updated_at as updated_3_0_, board0_.content as content4_0_, board0_.title as title5_0_ from board board0_
Hibernate: select board0_.id as id1_0_0_, board0_.created_at as created_2_0_0_, board0_.updated_at as updated_3_0_0_, board0_.content as content4_0_0_, board0_.title as title5_0_0_ from board board0_ where board0_.id=?
Hibernate: delete from board where id=?
]]></system-out>
  <system-err><![CDATA[]]></system-err>
</testsuite>
